<?xml version="1.0" encoding="UTF-8"?>
<!-- Generated by org.testng.reporters.JUnitReportReporter -->
<testsuite skipped="0" hostname="KPs-HP" name="com.orangehrmlive.opensourcedemo.testsuite.LoginPageTest" tests="1" failures="0" timestamp="2022-12-13T10:29:54 GMT" time="7.262" errors="0">
  <testcase name="userShouldLoginSuccessfullyWithValidCredentials" time="7.262" classname="com.orangehrmlive.opensourcedemo.testsuite.LoginPageTest"/>
  <system-out>
    <![CDATA[Enter user name Admin
Enter password admin123
Click on login button Login
Get header title of dashboard Dashboard]]>
  </system-out>
</testsuite> <!-- com.orangehrmlive.opensourcedemo.testsuite.LoginPageTest -->
